[debug] [2025-06-07T05:44:49.846Z] ----------------------------------------------------------------------
[debug] [2025-06-07T05:44:49.849Z] Command:       /opt/homebrew/Cellar/node/23.7.0/bin/node /opt/homebrew/bin/firebase init
[debug] [2025-06-07T05:44:49.849Z] CLI Version:   13.30.0
[debug] [2025-06-07T05:44:49.849Z] Platform:      darwin
[debug] [2025-06-07T05:44:49.849Z] Node Version:  v23.7.0
[debug] [2025-06-07T05:44:49.850Z] Time:          Sat Jun 07 2025 06:44:49 GMT+0100 (West Africa Standard Time)
[debug] [2025-06-07T05:44:49.850Z] ----------------------------------------------------------------------
[debug] 
[debug] [2025-06-07T05:44:49.855Z] > command requires scopes: ["email","openid","https://www.googleapis.com/auth/cloudplatformprojects.readonly","https://www.googleapis.com/auth/firebase","https://www.googleapis.com/auth/cloud-platform"]
[debug] [2025-06-07T05:44:49.855Z] > authorizing via signed-in user (helloabiolagbode@gmail.com)
[info] 
     ######## #### ########  ######## ########     ###     ######  ########
     ##        ##  ##     ## ##       ##     ##  ##   ##  ##       ##
     ######    ##  ########  ######   ########  #########  ######  ######
     ##        ##  ##    ##  ##       ##     ## ##     ##       ## ##
     ##       #### ##     ## ######## ########  ##     ##  ######  ########

You're about to initialize a Firebase project in this directory:

  /Users/abiolagbode/Downloads/new_emr

[info] 
=== Project Setup
[info] 
[info] First, let's associate this project directory with a Firebase project.
[info] You can create multiple project aliases by running firebase use --add, 
[info] but for now we'll just set up a default project.
[info] 
[debug] [2025-06-07T05:45:08.953Z] Checked if tokens are valid: false, expires at: 1720173375591
[debug] [2025-06-07T05:45:08.954Z] Checked if tokens are valid: false, expires at: 1720173375591
[debug] [2025-06-07T05:45:08.954Z] > refreshing access token with scopes: []
[debug] [2025-06-07T05:45:08.956Z] >>> [apiv2][query] POST https://www.googleapis.com/oauth2/v3/token [none]
[debug] [2025-06-07T05:45:08.957Z] >>> [apiv2][body] POST https://www.googleapis.com/oauth2/v3/token [omitted]
[debug] [2025-06-07T05:45:09.532Z] <<< [apiv2][status] POST https://www.googleapis.com/oauth2/v3/token 400
[debug] [2025-06-07T05:45:09.532Z] <<< [apiv2][body] POST https://www.googleapis.com/oauth2/v3/token [omitted]
[debug] [2025-06-07T05:45:09.532Z] >>> [apiv2][query] GET https://firebase.googleapis.com/v1beta1/projects pageSize=100
[debug] [2025-06-07T05:45:09.965Z] <<< [apiv2][status] GET https://firebase.googleapis.com/v1beta1/projects 401
[debug] [2025-06-07T05:45:09.965Z] <<< [apiv2][body] GET https://firebase.googleapis.com/v1beta1/projects [omitted]
[debug] [2025-06-07T05:45:09.965Z] Got a 401 Unauthenticated error for a call that required authentication. Refreshing tokens.
[debug] [2025-06-07T05:45:09.965Z] Checked if tokens are valid: false, expires at: 1720173375591
[debug] [2025-06-07T05:45:09.965Z] Checked if tokens are valid: false, expires at: 1720173375591
[debug] [2025-06-07T05:45:09.965Z] > refreshing access token with scopes: []
[debug] [2025-06-07T05:45:09.966Z] >>> [apiv2][query] POST https://www.googleapis.com/oauth2/v3/token [none]
[debug] [2025-06-07T05:45:09.966Z] >>> [apiv2][body] POST https://www.googleapis.com/oauth2/v3/token [omitted]
[debug] [2025-06-07T05:45:10.154Z] <<< [apiv2][status] POST https://www.googleapis.com/oauth2/v3/token 400
[debug] [2025-06-07T05:45:10.155Z] <<< [apiv2][body] POST https://www.googleapis.com/oauth2/v3/token [omitted]
[debug] [2025-06-07T05:45:10.155Z] Request to https://firebase.googleapis.com/v1beta1/projects?pageSize=100 had HTTP Error: 401, Request had invalid authentication credentials. Expected OAuth 2 access token, login cookie or other valid authentication credential. See https://developers.google.com/identity/sign-in/web/devconsole-project.
[debug] [2025-06-07T05:45:10.572Z] FirebaseError: Request to https://firebase.googleapis.com/v1beta1/projects?pageSize=100 had HTTP Error: 401, Request had invalid authentication credentials. Expected OAuth 2 access token, login cookie or other valid authentication credential. See https://developers.google.com/identity/sign-in/web/devconsole-project.
    at responseToError (/opt/homebrew/Cellar/firebase-cli/13.30.0/libexec/lib/node_modules/firebase-tools/lib/responseToError.js:52:12)
    at RetryOperation._fn (/opt/homebrew/Cellar/firebase-cli/13.30.0/libexec/lib/node_modules/firebase-tools/lib/apiv2.js:312:77)
    at process.processTicksAndRejections (node:internal/process/task_queues:105:5)
[error] 
[error] Error: Failed to list Firebase projects. See firebase-debug.log for more info.
